2024-08-22 11:41:00,735:INFO:Successfully fetched the webpage: https://doj.gov.in/
2024-08-22 11:41:07,505:INFO:Extracted title: DEPARTMENT OF JUSTICE
2024-08-22 11:41:07,505:INFO:Extracted description: As per the Allocation of Business (Rules), 1961, Department of Justice is a part of Ministry of Law & Justice, Government of India. It is one of the oldest Ministries of the Government of India. Till 31.12.2009, Department of Justice was part of Ministry of Home Affairs and Union Home Secretary had been the Secretary of Department of Justice. Keeping in view the increasing workload and formulating many policies and programmes on Judicial Reforms in the country, a separate Department namely Department of Justice was carved out from MHA and placed under the charge of Secretary to Government of India and it started working as such from 1stJanuary, 2010 under the Ministry of Law & Justice. The Department is housed in the Jaisalmer House, 26, Man Singh Road, New Delhi. The Organizational setup of the Department includes 04 Joint Secretaries, 08 Directors/ Deputy Secretaries and 09 Under Secretaries. The functions of the Department of Justice include the appointment, resignation and removal of the Chief Justice of India, Judges of the Supreme Court of India, Chief Justices and Judges of the High Courts and their service matters. In addition, the Department implements important schemes for Development of Infrastructure Facilities for Judiciary, setting up of Special Courts for speedy trial and disposal of cases of sensitive nature (Fast Track Special Court for cases of rape and POCSO Act), E-court Project on computerization of various courts across the country, legal aid to poor and access to justice, financial assistance to National Judicial Academy for providing training to the Judicial Officers of the country. The functions of Department of Justice are given inAllocation of Business (Rules), 1961
2024-08-22 11:41:07,513:WARNING:About section not found
2024-08-22 11:50:19,043:WARNING:About section not found
2024-08-22 11:57:36,511:INFO:Successfully fetched the webpage: https://doj.gov.in/
2024-08-22 11:57:36,649:INFO:Extracted title: DEPARTMENT OF JUSTICE
2024-08-22 11:57:36,651:INFO:Extracted description: As per the Allocation of Business (Rules), 1961, Department of Justice is a part of Ministry of Law & Justice, Government of India. It is one of the oldest Ministries of the Government of India. Till 31.12.2009, Department of Justice was part of Ministry of Home Affairs and Union Home Secretary had been the Secretary of Department of Justice. Keeping in view the increasing workload and formulating many policies and programmes on Judicial Reforms in the country, a separate Department namely Department of Justice was carved out from MHA and placed under the charge of Secretary to Government of India and it started working as such from 1stJanuary, 2010 under the Ministry of Law & Justice. The Department is housed in the Jaisalmer House, 26, Man Singh Road, New Delhi. The Organizational setup of the Department includes 04 Joint Secretaries, 08 Directors/ Deputy Secretaries and 09 Under Secretaries. The functions of the Department of Justice include the appointment, resignation and removal of the Chief Justice of India, Judges of the Supreme Court of India, Chief Justices and Judges of the High Courts and their service matters. In addition, the Department implements important schemes for Development of Infrastructure Facilities for Judiciary, setting up of Special Courts for speedy trial and disposal of cases of sensitive nature (Fast Track Special Court for cases of rape and POCSO Act), E-court Project on computerization of various courts across the country, legal aid to poor and access to justice, financial assistance to National Judicial Academy for providing training to the Judicial Officers of the country. The functions of Department of Justice are given inAllocation of Business (Rules), 1961
2024-08-22 11:57:36,655:WARNING:About section not found
2024-08-22 11:57:58,621:WARNING:About section not found
2024-08-22 12:00:47,856:INFO:Successfully fetched the webpage: https://doj.gov.in/
2024-08-22 12:00:47,974:INFO:Extracted title: DEPARTMENT OF JUSTICE
2024-08-22 12:00:47,978:INFO:Extracted description: As per the Allocation of Business (Rules), 1961, Department of Justice is a part of Ministry of Law & Justice, Government of India. It is one of the oldest Ministries of the Government of India. Till 31.12.2009, Department of Justice was part of Ministry of Home Affairs and Union Home Secretary had been the Secretary of Department of Justice. Keeping in view the increasing workload and formulating many policies and programmes on Judicial Reforms in the country, a separate Department namely Department of Justice was carved out from MHA and placed under the charge of Secretary to Government of India and it started working as such from 1stJanuary, 2010 under the Ministry of Law & Justice. The Department is housed in the Jaisalmer House, 26, Man Singh Road, New Delhi. The Organizational setup of the Department includes 04 Joint Secretaries, 08 Directors/ Deputy Secretaries and 09 Under Secretaries. The functions of the Department of Justice include the appointment, resignation and removal of the Chief Justice of India, Judges of the Supreme Court of India, Chief Justices and Judges of the High Courts and their service matters. In addition, the Department implements important schemes for Development of Infrastructure Facilities for Judiciary, setting up of Special Courts for speedy trial and disposal of cases of sensitive nature (Fast Track Special Court for cases of rape and POCSO Act), E-court Project on computerization of various courts across the country, legal aid to poor and access to justice, financial assistance to National Judicial Academy for providing training to the Judicial Officers of the country. The functions of Department of Justice are given inAllocation of Business (Rules), 1961
2024-08-22 12:00:47,981:WARNING:About section not found
2024-08-22 12:01:39,192:WARNING:About section not found
2024-08-22 12:38:10,721:WARNING:Some characters could not be decoded, and were replaced with REPLACEMENT CHARACTER.
2024-08-22 12:38:13,725:WARNING:Some characters could not be decoded, and were replaced with REPLACEMENT CHARACTER.
2024-08-22 12:40:27,124:WARNING:Some characters could not be decoded, and were replaced with REPLACEMENT CHARACTER.
2024-08-22 12:40:34,473:WARNING:Some characters could not be decoded, and were replaced with REPLACEMENT CHARACTER.
2024-08-22 12:40:43,006:WARNING:Some characters could not be decoded, and were replaced with REPLACEMENT CHARACTER.
2024-08-22 12:40:51,099:WARNING:Some characters could not be decoded, and were replaced with REPLACEMENT CHARACTER.
2024-08-22 12:40:54,041:WARNING:Some characters could not be decoded, and were replaced with REPLACEMENT CHARACTER.
2024-08-22 12:41:08,016:WARNING:Some characters could not be decoded, and were replaced with REPLACEMENT CHARACTER.
2024-08-22 12:41:10,002:WARNING:Some characters could not be decoded, and were replaced with REPLACEMENT CHARACTER.
2024-08-22 12:41:22,325:WARNING:Some characters could not be decoded, and were replaced with REPLACEMENT CHARACTER.
2024-08-22 12:41:49,197:WARNING:Some characters could not be decoded, and were replaced with REPLACEMENT CHARACTER.
2024-08-22 12:43:00,454:WARNING:Some characters could not be decoded, and were replaced with REPLACEMENT CHARACTER.
2024-08-22 12:43:27,167:WARNING:Some characters could not be decoded, and were replaced with REPLACEMENT CHARACTER.
2024-08-22 12:43:34,712:WARNING:Some characters could not be decoded, and were replaced with REPLACEMENT CHARACTER.
2024-08-22 12:43:42,279:WARNING:Some characters could not be decoded, and were replaced with REPLACEMENT CHARACTER.
2024-08-22 12:44:28,089:WARNING:Some characters could not be decoded, and were replaced with REPLACEMENT CHARACTER.
2024-08-22 12:45:21,603:WARNING:Some characters could not be decoded, and were replaced with REPLACEMENT CHARACTER.
2024-08-22 12:45:30,716:WARNING:Some characters could not be decoded, and were replaced with REPLACEMENT CHARACTER.
2024-08-22 12:47:23,704:WARNING:Some characters could not be decoded, and were replaced with REPLACEMENT CHARACTER.
2024-08-22 12:56:03,802:WARNING:Some characters could not be decoded, and were replaced with REPLACEMENT CHARACTER.
2024-08-22 12:56:12,155:WARNING:Some characters could not be decoded, and were replaced with REPLACEMENT CHARACTER.
2024-08-22 12:56:21,885:WARNING:Some characters could not be decoded, and were replaced with REPLACEMENT CHARACTER.
2024-08-22 12:56:28,251:WARNING:Some characters could not be decoded, and were replaced with REPLACEMENT CHARACTER.
2024-08-22 12:56:34,317:WARNING:Some characters could not be decoded, and were replaced with REPLACEMENT CHARACTER.
2024-08-22 12:56:40,449:WARNING:Some characters could not be decoded, and were replaced with REPLACEMENT CHARACTER.
2024-08-22 12:56:46,733:WARNING:Some characters could not be decoded, and were replaced with REPLACEMENT CHARACTER.
2024-08-22 12:56:52,915:WARNING:Some characters could not be decoded, and were replaced with REPLACEMENT CHARACTER.
2024-08-22 12:56:59,175:WARNING:Some characters could not be decoded, and were replaced with REPLACEMENT CHARACTER.
2024-08-22 12:57:05,629:WARNING:Some characters could not be decoded, and were replaced with REPLACEMENT CHARACTER.
2024-08-22 12:57:56,041:WARNING:Some characters could not be decoded, and were replaced with REPLACEMENT CHARACTER.
